0 info it worked if it ends with ok
1 verbose cli [ '/Users/ignacio/.nvm/versions/node/v4.7.0/bin/node',
1 verbose cli   '/Users/ignacio/.nvm/versions/node/v4.7.0/bin/npm',
1 verbose cli   'start' ]
2 info using npm@2.15.11
3 info using node@v4.7.0
4 verbose stack Error: missing script: start
4 verbose stack     at run (/Users/ignacio/.nvm/versions/node/v4.7.0/lib/node_modules/npm/lib/run-script.js:142:19)
4 verbose stack     at /Users/ignacio/.nvm/versions/node/v4.7.0/lib/node_modules/npm/lib/run-script.js:58:5
4 verbose stack     at /Users/ignacio/.nvm/versions/node/v4.7.0/lib/node_modules/npm/node_modules/read-package-json/read-json.js:356:5
4 verbose stack     at checkBinReferences_ (/Users/ignacio/.nvm/versions/node/v4.7.0/lib/node_modules/npm/node_modules/read-package-json/read-json.js:320:45)
4 verbose stack     at final (/Users/ignacio/.nvm/versions/node/v4.7.0/lib/node_modules/npm/node_modules/read-package-json/read-json.js:354:3)
4 verbose stack     at then (/Users/ignacio/.nvm/versions/node/v4.7.0/lib/node_modules/npm/node_modules/read-package-json/read-json.js:124:5)
4 verbose stack     at /Users/ignacio/.nvm/versions/node/v4.7.0/lib/node_modules/npm/node_modules/read-package-json/read-json.js:311:12
4 verbose stack     at /Users/ignacio/.nvm/versions/node/v4.7.0/lib/node_modules/npm/node_modules/graceful-fs/graceful-fs.js:78:16
4 verbose stack     at FSReqWrap.readFileAfterClose [as oncomplete] (fs.js:380:3)
5 verbose cwd /Users/ignacio/unibox
6 error Darwin 16.4.0
7 error argv "/Users/ignacio/.nvm/versions/node/v4.7.0/bin/node" "/Users/ignacio/.nvm/versions/node/v4.7.0/bin/npm" "start"
8 error node v4.7.0
9 error npm  v2.15.11
10 error missing script: start
11 error If you need help, you may report this error at:
11 error     <https://github.com/npm/npm/issues>
12 verbose exit [ 1, true ]
